0 info it worked if it ends with ok
1 verbose cli [ '/usr/bin/nodejs', '/usr/bin/npm', 'start' ]
2 info using npm@3.10.8
3 info using node@v6.9.1
4 verbose run-script [ 'prestart', 'start', 'poststart' ]
5 info lifecycle referly-clientside@0.0.1~prestart: referly-clientside@0.0.1
6 silly lifecycle referly-clientside@0.0.1~prestart: no script for prestart, continuing
7 info lifecycle referly-clientside@0.0.1~start: referly-clientside@0.0.1
8 verbose lifecycle referly-clientside@0.0.1~start: unsafe-perm in lifecycle true
9 verbose lifecycle referly-clientside@0.0.1~start: PATH: /usr/lib/node_modules/npm/bin/node-gyp-bin:/home/logan/Desktop/projects/referly-clientside/node_modules/.bin:/usr/local/heroku/bin:/home/logan/bin:/home/logan/.local/bin:/usr/local/sbin:/usr/local/bin:/usr/sbin:/usr/bin:/sbin:/bin:/usr/games:/usr/local/games:/snap/bin:/home/logan/.local/bin
10 verbose lifecycle referly-clientside@0.0.1~start: CWD: /home/logan/Desktop/projects/referly-clientside
11 silly lifecycle referly-clientside@0.0.1~start: Args: [ '-c', 'node dev-server.js' ]
12 silly lifecycle referly-clientside@0.0.1~start: Returned: code: 1  signal: null
13 info lifecycle referly-clientside@0.0.1~start: Failed to exec start script
14 verbose stack Error: referly-clientside@0.0.1 start: `node dev-server.js`
14 verbose stack Exit status 1
14 verbose stack     at EventEmitter.<anonymous> (/usr/lib/node_modules/npm/lib/utils/lifecycle.js:255:16)
14 verbose stack     at emitTwo (events.js:106:13)
14 verbose stack     at EventEmitter.emit (events.js:191:7)
14 verbose stack     at ChildProcess.<anonymous> (/usr/lib/node_modules/npm/lib/utils/spawn.js:40:14)
14 verbose stack     at emitTwo (events.js:106:13)
14 verbose stack     at ChildProcess.emit (events.js:191:7)
14 verbose stack     at maybeClose (internal/child_process.js:877:16)
14 verbose stack     at Process.ChildProcess._handle.onexit (internal/child_process.js:226:5)
15 verbose pkgid referly-clientside@0.0.1
16 verbose cwd /home/logan/Desktop/projects/referly-clientside
17 error Linux 4.8.0-30-generic
18 error argv "/usr/bin/nodejs" "/usr/bin/npm" "start"
19 error node v6.9.1
20 error npm  v3.10.8
21 error code ELIFECYCLE
22 error referly-clientside@0.0.1 start: `node dev-server.js`
22 error Exit status 1
23 error Failed at the referly-clientside@0.0.1 start script 'node dev-server.js'.
23 error Make sure you have the latest version of node.js and npm installed.
23 error If you do, this is most likely a problem with the referly-clientside package,
23 error not with npm itself.
23 error Tell the author that this fails on your system:
23 error     node dev-server.js
23 error You can get information on how to open an issue for this project with:
23 error     npm bugs referly-clientside
23 error Or if that isn't available, you can get their info via:
23 error     npm owner ls referly-clientside
23 error There is likely additional logging output above.
24 verbose exit [ 1, true ]
