Arguments: 
  /usr/bin/nodejs /usr/local/bin/yarn

PATH: 
  /usr/local/heroku/bin:/home/logan/bin:/home/logan/.local/bin:/usr/local/sbin:/usr/local/bin:/usr/sbin:/usr/bin:/sbin:/bin:/usr/games:/usr/local/games:/snap/bin:/home/logan/.local/bin

Yarn version: 
  0.17.10

Node version: 
  6.9.1

Platform: 
  linux x64

npm manifest: 
  {
    "name": "referly-clientside",
    "version": "0.0.1",
    "description": "Basic referrals app client side.",
    "main": "index.js",
    "scripts": {
      "test": "test",
      "start": "webpack-dev-server"
    },
    "keywords": [
      "ReactJS",
      "Redux",
      "Immutable",
      "Referrals"
    ],
    "author": "thomasgraves",
    "license": "ISC",
    "dependencies": {
      "es6-promise": "^4.0.5",
      "immutable": "^3.8.1",
      "isomorphic-fetch": "^2.2.1",
      "react": "^15.4.1",
      "react-dom": "^15.4.1",
      "react-redux": "^5.0.1",
      "redux": "^3.6.0",
      "redux-thunk": "^2.1.0",
      "webpack": "^1.14.0",
      "webpack-dev-server": "^1.16.2"
    },
    "devDependencies": {
      "babel-cli": "^6.18.0",
      "babel-core": "^6.20.0",
      "babel-loader": "^6.2.10",
      "babel-plugin-transform-decorators-legacy": "^1.3.4",
      "babel-preset-es2015": "^6.18.0",
      "babel-preset-react": "^6.16.0",
      "babel-preset-stage-3": "^6.17.0"
    }
  }

yarn manifest: 
  No manifest

Lockfile: 
  No lockfile

Trace: 
  Error: EACCES: permission denied, mkdir '/home/logan/Desktop/projects/referly-clientside/node_modules/abbrev'
      at Error (native)
